<?xml version="1.0" encoding="UTF-8"?>
<!-- Generated by org.testng.reporters.JUnitXMLReporter -->
<testsuite hostname="WIN7-PC" name="Default test" tests="2" failures="0" timestamp="19 Jan 2019 13:11:08 GMT" time="82.195" errors="0">
  <testcase name="LoginNegativeTestScneario" time="12.371" classname="SeleniumPractice.GTPLTDD.Test.LoginPageTest"/>
  <testcase name="LoginPositiveTestScneario" time="4.106" classname="SeleniumPractice.GTPLTDD.Test.LoginPageTest"/>
</testsuite> <!-- Default test -->
